


Processing ApplicationController#index (for 127.0.0.1 at 2010-06-20 22:55:16) [GET]

ActionController::RoutingError (No route matches "/hello.html" with {:method=>:get}):
  

Rendering rescues/layout (not_found)


Processing ApplicationController#index (for 127.0.0.1 at 2010-06-20 23:09:04) [GET]

ActionController::RoutingError (No route matches "/home" with {:method=>:get}):
  

Rendering rescues/layout (not_found)


Processing PagesController#home (for 127.0.0.1 at 2010-06-20 23:09:21) [GET]
Rendering pages/home
Completed in 7ms (View: 6, DB: 0) | 200 OK [http://localhost/pages/home]


Processing PagesController#about (for 127.0.0.1 at 2010-06-20 23:42:55) [GET]
Rendering pages/about
Completed in 7ms (View: 5, DB: 0) | 200 OK [http://localhost/pages/about]


Processing PagesController#about (for 127.0.0.1 at 2010-06-20 23:53:25) [GET]
Rendering pages/about
Completed in 7ms (View: 6, DB: 0) | 200 OK [http://localhost/pages/about]


Processing PagesController#contact (for 127.0.0.1 at 2010-06-20 23:53:31) [GET]
Rendering pages/contact
Completed in 6ms (View: 5, DB: 0) | 200 OK [http://localhost/pages/contact]


Processing PagesController#home (for 127.0.0.1 at 2010-06-20 23:53:39) [GET]
Rendering pages/home
Completed in 5ms (View: 4, DB: 0) | 200 OK [http://localhost/pages/home]


Processing PagesController#home (for 127.0.0.1 at 2010-06-21 00:06:37) [GET]
Rendering template within layouts/application
Rendering pages/home
Completed in 10ms (View: 9, DB: 0) | 200 OK [http://localhost/pages/home]


Processing PagesController#ABOUT (for 127.0.0.1 at 2010-06-21 00:06:44) [GET]

ActionController::UnknownAction (No action responded to ABOUT. Actions: about, contact, and home):
  

Rendering rescues/layout (not_found)


Processing PagesController#about (for 127.0.0.1 at 2010-06-21 00:06:51) [GET]
Rendering template within layouts/application
Rendering pages/about
Completed in 5ms (View: 3, DB: 0) | 200 OK [http://localhost/pages/about]


Processing PagesController#home (for 127.0.0.1 at 2010-06-21 00:06:56) [GET]
Rendering template within layouts/application
Rendering pages/home
Completed in 2ms (View: 1, DB: 0) | 200 OK [http://localhost/pages/home]


Processing PagesController#home (for 127.0.0.1 at 2010-06-21 00:21:08) [GET]
Rendering template within layouts/application
Rendering pages/home
Completed in 11ms (View: 10, DB: 0) | 200 OK [http://localhost/pages/home]


Processing PagesController#about (for 127.0.0.1 at 2010-06-21 00:21:13) [GET]
Rendering template within layouts/application
Rendering pages/about
Completed in 5ms (View: 4, DB: 0) | 200 OK [http://localhost/pages/about]


Processing PagesController#about (for 127.0.0.1 at 2010-06-21 00:33:41) [GET]
Rendering template within layouts/application
Rendering pages/about
Completed in 10ms (View: 9, DB: 0) | 200 OK [http://localhost/pages/about]


Processing PagesController#index (for 127.0.0.1 at 2010-06-21 01:33:11) [GET]

ActionController::UnknownAction (No action responded to index. Actions: about, contact, help, and home):
  

Rendering rescues/layout (not_found)


Processing PagesController#about (for 127.0.0.1 at 2010-06-21 01:33:21) [GET]
Rendering template within layouts/application
Rendering pages/about
Completed in 85ms (View: 83, DB: 0) | 200 OK [http://localhost/pages/about]


Processing ApplicationController#index (for 127.0.0.1 at 2010-06-21 01:33:21) [GET]

ActionController::RoutingError (No route matches "/images/logo.png" with {:method=>:get}):
  

Rendering rescues/layout (not_found)


Processing ApplicationController#index (for 127.0.0.1 at 2010-06-21 01:33:21) [GET]

ActionController::RoutingError (No route matches "/stylesheets/custom.css" with {:method=>:get}):
  

Rendering rescues/layout (not_found)


Processing PagesController#help (for 127.0.0.1 at 2010-06-21 01:33:46) [GET]
Rendering template within layouts/application
Rendering pages/help
Completed in 7ms (View: 6, DB: 0) | 200 OK [http://localhost/pages/help]


Processing ApplicationController#index (for 127.0.0.1 at 2010-06-21 01:33:46) [GET]

ActionController::RoutingError (No route matches "/stylesheets/custom.css" with {:method=>:get}):
  

Rendering rescues/layout (not_found)


Processing ApplicationController#index (for 127.0.0.1 at 2010-06-21 01:33:46) [GET]

ActionController::RoutingError (No route matches "/images/logo.png" with {:method=>:get}):
  

Rendering rescues/layout (not_found)


Processing PagesController#help (for 127.0.0.1 at 2010-06-21 01:38:34) [GET]
Rendering template within layouts/application
Rendering pages/help
Completed in 3ms (View: 2, DB: 0) | 200 OK [http://localhost/pages/help]


Processing ApplicationController#index (for 127.0.0.1 at 2010-06-21 01:38:34) [GET]

ActionController::RoutingError (No route matches "/stylesheets/custom.css" with {:method=>:get}):
  

Rendering rescues/layout (not_found)


Processing ApplicationController#index (for 127.0.0.1 at 2010-06-21 01:38:34) [GET]

ActionController::RoutingError (No route matches "/images/logo.png" with {:method=>:get}):
  

Rendering rescues/layout (not_found)


Processing PagesController#home (for 127.0.0.1 at 2010-06-21 01:38:42) [GET]
Rendering template within layouts/application
Rendering pages/home
Completed in 6ms (View: 5, DB: 0) | 200 OK [http://localhost/pages/home]


Processing ApplicationController#index (for 127.0.0.1 at 2010-06-21 01:38:42) [GET]

ActionController::RoutingError (No route matches "/stylesheets/custom.css" with {:method=>:get}):
  

Rendering rescues/layout (not_found)


Processing ApplicationController#index (for 127.0.0.1 at 2010-06-21 01:38:42) [GET]

ActionController::RoutingError (No route matches "/images/logo.png" with {:method=>:get}):
  

Rendering rescues/layout (not_found)


Processing PagesController#home (for 127.0.0.1 at 2010-06-21 01:40:18) [GET]
Rendering template within layouts/application
Rendering pages/home
Completed in 3ms (View: 2, DB: 0) | 200 OK [http://localhost/pages/home]


Processing ApplicationController#index (for 127.0.0.1 at 2010-06-21 01:40:18) [GET]

ActionController::RoutingError (No route matches "/stylesheets/custom.css" with {:method=>:get}):
  

Rendering rescues/layout (not_found)


Processing PagesController#home (for 127.0.0.1 at 2010-06-21 01:41:52) [GET]
Rendering template within layouts/application
Rendering pages/home
Completed in 4ms (View: 2, DB: 0) | 200 OK [http://localhost/pages/home]


Processing PagesController#home (for 127.0.0.1 at 2010-06-21 01:42:06) [GET]
Rendering template within layouts/application
Rendering pages/home
Completed in 3ms (View: 2, DB: 0) | 200 OK [http://localhost/pages/home]


Processing PagesController#home (for 127.0.0.1 at 2010-06-21 01:42:51) [GET]
Rendering template within layouts/application
Rendering pages/home
Completed in 3ms (View: 2, DB: 0) | 200 OK [http://localhost/pages/home]


Processing PagesController#home (for 127.0.0.1 at 2010-06-21 01:43:59) [GET]
Rendering template within layouts/application
Rendering pages/home
Completed in 3ms (View: 2, DB: 0) | 200 OK [http://localhost/pages/home]


Processing PagesController#home (for 127.0.0.1 at 2010-06-21 01:44:02) [GET]
Rendering template within layouts/application
Rendering pages/home
Completed in 3ms (View: 2, DB: 0) | 200 OK [http://localhost/pages/home]


Processing PagesController#home (for 127.0.0.1 at 2010-06-21 01:44:13) [GET]
Rendering template within layouts/application
Rendering pages/home
Completed in 3ms (View: 2, DB: 0) | 200 OK [http://localhost/pages/home]


Processing PagesController#home (for 127.0.0.1 at 2010-06-21 01:45:15) [GET]
Rendering template within layouts/application
Rendering pages/home
Completed in 3ms (View: 2, DB: 0) | 200 OK [http://localhost/pages/home]


Processing PagesController#home (for 127.0.0.1 at 2010-06-21 01:48:31) [GET]
Rendering template within layouts/application
Rendering pages/home
Rendered layouts/_stylesheets (1.1ms)

ActionView::TemplateError (Missing layout layouts/_header.erb in view path app/views) on line #10 of app/views/layouts/application.html.erb:
7:   </head>
8:   <body>
9:     <div class="container">
10:       <%= render 'layouts/header' %>
11:       <div id="content" class="round">
12:         <%= yield %>
13:       </div>

    app/views/layouts/application.html.erb:10

Rendered rescues/_trace (89.2ms)
Rendered rescues/_request_and_response (1.1ms)
Rendering rescues/layout (internal_server_error)


Processing PagesController#home (for 127.0.0.1 at 2010-06-21 01:49:16) [GET]
Rendering template within layouts/application
Rendering pages/home
Rendered layouts/_stylesheets (0.5ms)
Rendered layouts/_header (0.9ms)
Completed in 10ms (View: 8, DB: 0) | 200 OK [http://localhost/pages/home]


Processing PagesController#home (for 127.0.0.1 at 2010-06-21 01:50:12) [GET]
Rendering template within layouts/application
Rendering pages/home
Rendered layouts/_stylesheets (0.5ms)
Rendered layouts/_header (0.3ms)
Rendered layouts/_footer (0.5ms)
Completed in 12ms (View: 11, DB: 0) | 200 OK [http://localhost/pages/home]


Processing PagesController#home (for 127.0.0.1 at 2010-06-21 01:51:03) [GET]
Rendering template within layouts/application
Rendering pages/home
Rendered layouts/_stylesheets (0.5ms)
Rendered layouts/_header (0.3ms)
Rendered layouts/_footer (0.2ms)
Completed in 4ms (View: 3, DB: 0) | 200 OK [http://localhost/pages/home]


Processing PagesController#home (for 127.0.0.1 at 2010-06-21 01:51:56) [GET]
Rendering template within layouts/application
Rendering pages/home
Rendered layouts/_stylesheets (0.5ms)
Rendered layouts/_header (0.6ms)
Rendered layouts/_footer (0.2ms)
Completed in 5ms (View: 3, DB: 0) | 200 OK [http://localhost/pages/home]


Processing ApplicationController#index (for 127.0.0.1 at 2010-06-21 02:06:01) [GET]

ActionController::RoutingError (No route matches "/pages/home" with {:method=>:get}):
  

Rendering rescues/layout (not_found)


Processing PagesController#home (for 127.0.0.1 at 2010-06-21 02:06:10) [GET]
Rendering template within layouts/application
Rendering pages/home
Rendered layouts/_stylesheets (0.9ms)

ActionView::TemplateError (undefined local variable or method `home_path' for #<ActionView::Base:0x101f3eb78>) on line #4 of app/views/layouts/_header.html.erb:
1: <div id="header" class="round">
2:   <%= image_tag("logo.png", :alt => "Sample App", :class => "round") %>
3:   <ul class="navigation round">
4:     <li><%= link_to "Home", home_path %></li>
5:     <li><%= link_to "Help", help_path %></li>
6:     <li><%= link_to "Sign in", '#' %></li>
7:   </ul>

    app/views/layouts/_header.html.erb:4
    app/views/layouts/application.html.erb:10

Rendered rescues/_trace (93.2ms)
Rendered rescues/_request_and_response (1.0ms)
Rendering rescues/layout (internal_server_error)


Processing PagesController#home (for 127.0.0.1 at 2010-06-21 02:06:46) [GET]
Rendering template within layouts/application
Rendering pages/home
Rendered layouts/_stylesheets (0.5ms)
Rendered layouts/_header (1.1ms)
Rendered layouts/_footer (0.6ms)
Completed in 12ms (View: 10, DB: 0) | 200 OK [http://localhost/]


Processing PagesController#home (for 127.0.0.1 at 2010-06-21 02:06:50) [GET]
Rendering template within layouts/application
Rendering pages/home
Rendered layouts/_stylesheets (0.5ms)
Rendered layouts/_header (0.3ms)
Rendered layouts/_footer (0.2ms)
Completed in 4ms (View: 3, DB: 0) | 200 OK [http://localhost/]


Processing PagesController#help (for 127.0.0.1 at 2010-06-21 02:06:52) [GET]
Rendering template within layouts/application
Rendering pages/help
Rendered layouts/_stylesheets (0.4ms)
Rendered layouts/_header (0.4ms)
Rendered layouts/_footer (0.1ms)
Completed in 6ms (View: 5, DB: 0) | 200 OK [http://localhost/help]


Processing PagesController#about (for 127.0.0.1 at 2010-06-21 02:06:54) [GET]
Rendering template within layouts/application
Rendering pages/about
Rendered layouts/_stylesheets (0.5ms)
Rendered layouts/_header (0.4ms)
Rendered layouts/_footer (0.1ms)
Completed in 7ms (View: 5, DB: 0) | 200 OK [http://localhost/about]


Processing PagesController#contact (for 127.0.0.1 at 2010-06-21 02:06:57) [GET]
Rendering template within layouts/application
Rendering pages/contact
Rendered layouts/_stylesheets (0.5ms)
Rendered layouts/_header (0.4ms)
Rendered layouts/_footer (0.2ms)
Completed in 7ms (View: 5, DB: 0) | 200 OK [http://localhost/contact]


Processing PagesController#contact (for 127.0.0.1 at 2010-06-21 02:08:02) [GET]
Rendering template within layouts/application
Rendering pages/contact
Rendered layouts/_stylesheets (0.6ms)
Rendered layouts/_header (0.9ms)
Rendered layouts/_footer (0.2ms)
Completed in 7ms (View: 6, DB: 0) | 200 OK [http://localhost/contact]


Processing PagesController#home (for 127.0.0.1 at 2010-06-21 02:08:04) [GET]
Rendering template within layouts/application
Rendering pages/home
Rendered layouts/_stylesheets (0.5ms)
Rendered layouts/_header (0.4ms)
Rendered layouts/_footer (0.1ms)
Completed in 4ms (View: 2, DB: 0) | 200 OK [http://localhost/]


Processing PagesController#home (for 127.0.0.1 at 2010-06-21 03:12:11) [GET]
Rendering template within layouts/application
Rendering pages/home
Rendered layouts/_stylesheets (15.1ms)
Rendered layouts/_header (0.4ms)
Rendered layouts/_footer (0.7ms)
Completed in 23ms (View: 22, DB: 0) | 200 OK [http://localhost/]


Processing ApplicationController#index (for 127.0.0.1 at 2010-06-21 03:17:54) [GET]

ActionController::RoutingError (No route matches "/user" with {:method=>:get}):
  

Rendering rescues/layout (not_found)


Processing ApplicationController#index (for 127.0.0.1 at 2010-06-21 03:18:01) [GET]

ActionController::RoutingError (No route matches "/user/new" with {:method=>:get}):
  

Rendering rescues/layout (not_found)


Processing ApplicationController#index (for 127.0.0.1 at 2010-06-21 03:18:05) [GET]

ActionController::RoutingError (No route matches "/users/new" with {:method=>:get}):
  

Rendering rescues/layout (not_found)


Processing ApplicationController#index (for 127.0.0.1 at 2010-06-21 03:18:10) [GET]

ActionController::RoutingError (No route matches "/users" with {:method=>:get}):
  

Rendering rescues/layout (not_found)


Processing ApplicationController#index (for 127.0.0.1 at 2010-06-21 03:21:46) [GET]

ActionController::RoutingError (No route matches "/users/new" with {:method=>:get}):
  

Rendering rescues/layout (not_found)


Processing ApplicationController#index (for 127.0.0.1 at 2010-06-21 03:28:37) [GET]

ActionController::RoutingError (No route matches "/users/new" with {:method=>:get}):
  

Rendering rescues/layout (not_found)


Processing UsersController#new (for 127.0.0.1 at 2010-06-21 03:28:41) [GET]
Rendering template within layouts/application
Rendering users/new
Rendered layouts/_stylesheets (1.0ms)
Rendered layouts/_header (8.8ms)
Rendered layouts/_footer (0.7ms)
Completed in 30ms (View: 29, DB: 0) | 200 OK [http://localhost/users]


Processing UsersController#new (for 127.0.0.1 at 2010-06-21 03:31:54) [GET]
Rendering template within layouts/application
Rendering users/new
Rendered layouts/_stylesheets (0.5ms)
Rendered layouts/_header (0.4ms)
Rendered layouts/_footer (0.1ms)
Completed in 4ms (View: 2, DB: 0) | 200 OK [http://localhost/users]


Processing PagesController#home (for 127.0.0.1 at 2010-06-21 03:31:58) [GET]
Rendering template within layouts/application
Rendering pages/home
Rendered layouts/_stylesheets (0.5ms)
Rendered layouts/_header (0.4ms)
Rendered layouts/_footer (0.2ms)
Completed in 9ms (View: 8, DB: 0) | 200 OK [http://localhost/]


Processing PagesController#help (for 127.0.0.1 at 2010-06-21 03:32:03) [GET]
Rendering template within layouts/application
Rendering pages/help
Rendered layouts/_stylesheets (0.5ms)
Rendered layouts/_header (0.4ms)
Rendered layouts/_footer (0.2ms)
Completed in 7ms (View: 5, DB: 0) | 200 OK [http://localhost/help]


Processing UsersController#new (for 127.0.0.1 at 2010-06-21 03:32:11) [GET]
Rendering template within layouts/application
Rendering users/new
Rendered layouts/_stylesheets (0.5ms)
Rendered layouts/_header (0.4ms)
Rendered layouts/_footer (0.2ms)
Completed in 4ms (View: 2, DB: 0) | 200 OK [http://localhost/users]


Processing UsersController#new (for 127.0.0.1 at 2010-06-21 03:32:27) [GET]
Rendering template within layouts/application
Rendering users/new
Rendered layouts/_stylesheets (0.4ms)
Rendered layouts/_header (0.5ms)
Rendered layouts/_footer (0.1ms)
Completed in 4ms (View: 2, DB: 0) | 200 OK [http://localhost/users/new]


Processing UsersController#new (for 127.0.0.1 at 2010-06-21 03:32:43) [GET]
Rendering template within layouts/application
Rendering users/new
Rendered layouts/_stylesheets (0.6ms)
Rendered layouts/_header (0.4ms)
Rendered layouts/_footer (0.1ms)
Completed in 5ms (View: 3, DB: 0) | 200 OK [http://localhost/users/new]


Processing UsersController#new (for 127.0.0.1 at 2010-06-21 03:32:44) [GET]
Rendering template within layouts/application
Rendering users/new
Rendered layouts/_stylesheets (0.5ms)
Rendered layouts/_header (0.5ms)
Rendered layouts/_footer (0.1ms)
Completed in 4ms (View: 2, DB: 0) | 200 OK [http://localhost/users/new]


Processing UsersController#new (for 127.0.0.1 at 2010-06-21 03:32:44) [GET]
Rendering template within layouts/application
Rendering users/new
Rendered layouts/_stylesheets (0.6ms)
Rendered layouts/_header (0.5ms)
Rendered layouts/_footer (0.2ms)
Completed in 4ms (View: 3, DB: 0) | 200 OK [http://localhost/users/new]


Processing UsersController#index (for 127.0.0.1 at 2010-06-21 03:32:47) [GET]

ActionController::UnknownAction (No action responded to index. Actions: new):
  

Rendering rescues/layout (not_found)


Processing UsersController#new (for 127.0.0.1 at 2010-06-21 03:33:04) [GET]
Rendering template within layouts/application
Rendering users/new
Rendered layouts/_stylesheets (0.4ms)
Rendered layouts/_header (0.4ms)
Rendered layouts/_footer (0.1ms)
Completed in 3ms (View: 2, DB: 0) | 200 OK [http://localhost/users/new]


Processing PagesController#home (for 127.0.0.1 at 2010-06-21 03:42:15) [GET]
Rendering template within layouts/application
Rendering pages/home
Rendered layouts/_stylesheets (1.3ms)
Rendered layouts/_header (0.9ms)
Rendered layouts/_footer (0.6ms)
Completed in 30ms (View: 29, DB: 0) | 200 OK [http://localhost/]


Processing UsersController#new (for 127.0.0.1 at 2010-06-21 03:42:18) [GET]
Rendering template within layouts/application
Rendering users/new
Rendered layouts/_stylesheets (0.5ms)
Rendered layouts/_header (0.4ms)
Rendered layouts/_footer (0.2ms)
Completed in 9ms (View: 7, DB: 0) | 200 OK [http://localhost/signup]


Processing UsersController#new (for 127.0.0.1 at 2010-06-21 03:53:40) [GET]
Rendering template within layouts/application
Rendering users/new
Rendered layouts/_stylesheets (0.7ms)
Rendered layouts/_header (0.4ms)
Rendered layouts/_footer (0.2ms)
Completed in 5ms (View: 4, DB: 0) | 200 OK [http://localhost/signup]


Processing PagesController#home (for 127.0.0.1 at 2010-06-21 15:06:27) [GET]
Rendering template within layouts/application
Rendering pages/home
Rendered layouts/_stylesheets (8.2ms)
Rendered layouts/_header (1.1ms)
Rendered layouts/_footer (0.7ms)
Completed in 44ms (View: 42, DB: 0) | 200 OK [http://localhost/]


Processing PagesController#home (for 127.0.0.1 at 2010-06-21 15:06:31) [GET]
Rendering template within layouts/application
Rendering pages/home
Rendered layouts/_stylesheets (0.5ms)
Rendered layouts/_header (0.4ms)
Rendered layouts/_footer (0.2ms)
Completed in 4ms (View: 3, DB: 0) | 200 OK [http://localhost/]


Processing PagesController#home (for 127.0.0.1 at 2010-06-21 15:06:34) [GET]
Rendering template within layouts/application
Rendering pages/home
Rendered layouts/_stylesheets (0.4ms)
Rendered layouts/_header (0.4ms)
Rendered layouts/_footer (0.1ms)
Completed in 4ms (View: 3, DB: 0) | 200 OK [http://localhost/]


Processing PagesController#contact (for 127.0.0.1 at 2010-06-21 15:06:38) [GET]
Rendering template within layouts/application
Rendering pages/contact
Rendered layouts/_stylesheets (0.4ms)
Rendered layouts/_header (0.4ms)
Rendered layouts/_footer (0.2ms)
Completed in 6ms (View: 5, DB: 0) | 200 OK [http://localhost/contact]


Processing PagesController#help (for 127.0.0.1 at 2010-06-21 15:06:46) [GET]
Rendering template within layouts/application
Rendering pages/help
Rendered layouts/_stylesheets (0.5ms)
Rendered layouts/_header (0.4ms)
Rendered layouts/_footer (0.1ms)
Completed in 6ms (View: 5, DB: 0) | 200 OK [http://localhost/help]


Processing PagesController#home (for 127.0.0.1 at 2010-06-21 15:06:50) [GET]
Rendering template within layouts/application
Rendering pages/home
Rendered layouts/_stylesheets (0.5ms)
Rendered layouts/_header (0.4ms)
Rendered layouts/_footer (0.1ms)
Completed in 4ms (View: 2, DB: 0) | 200 OK [http://localhost/]


Processing UsersController#new (for 127.0.0.1 at 2010-06-21 15:06:51) [GET]
Rendering template within layouts/application
Rendering users/new
Rendered layouts/_stylesheets (0.5ms)
Rendered layouts/_header (0.4ms)
Rendered layouts/_footer (0.1ms)
Completed in 8ms (View: 7, DB: 0) | 200 OK [http://localhost/signup]
